Performing C++ SOURCE FILE Test ICONV_SECOND_ARGUMENT_IS_CONST failed with the following output:
Change Dir: /home/iris_linux/Experiment-Design/poppler-21.09.0/build/CMakeFiles/CMakeTmp

Run Build Command(s):/usr/bin/gmake -f Makefile cmTC_335e2/fast && /usr/bin/gmake  -f CMakeFiles/cmTC_335e2.dir/build.make CMakeFiles/cmTC_335e2.dir/build
gmake[1]: Entering directory '/home/iris_linux/Experiment-Design/poppler-21.09.0/build/CMakeFiles/CMakeTmp'
Building CXX object CMakeFiles/cmTC_335e2.dir/src.cxx.o
/usr/bin/c++ -DICONV_SECOND_ARGUMENT_IS_CONST  -fno-exceptions -fno-check-new -fno-common -fno-operator-names -D_DEFAULT_SOURCE  -O2 -DNDEBUG  -std=c++14 -o CMakeFiles/cmTC_335e2.dir/src.cxx.o -c /home/iris_linux/Experiment-Design/poppler-21.09.0/build/CMakeFiles/CMakeTmp/src.cxx
/home/iris_linux/Experiment-Design/poppler-21.09.0/build/CMakeFiles/CMakeTmp/src.cxx: In function ‘int main()’:
/home/iris_linux/Experiment-Design/poppler-21.09.0/build/CMakeFiles/CMakeTmp/src.cxx:9:17: error: invalid conversion from ‘const char**’ to ‘char**’ [-fpermissive]
    9 |     iconv(conv, &in, &ilen, &out, &olen);
      |                 ^~~
      |                 |
      |                 const char**
In file included from /home/iris_linux/Experiment-Design/poppler-21.09.0/build/CMakeFiles/CMakeTmp/src.cxx:2:
/usr/include/iconv.h:42:54: note:   initializing argument 2 of ‘size_t iconv(iconv_t, char**, size_t*, char**, size_t*)’
   42 | extern size_t iconv (iconv_t __cd, char **__restrict __inbuf,
      |                                    ~~~~~~~~~~~~~~~~~~^~~~~~~
gmake[1]: *** [CMakeFiles/cmTC_335e2.dir/build.make:78: CMakeFiles/cmTC_335e2.dir/src.cxx.o] Error 1
gmake[1]: Leaving directory '/home/iris_linux/Experiment-Design/poppler-21.09.0/build/CMakeFiles/CMakeTmp'
gmake: *** [Makefile:127: cmTC_335e2/fast] Error 2


Source file was:

  #include <iconv.h>
  int main(){
    iconv_t conv = 0;
    const char* in = 0;
    size_t ilen = 0;
    char* out = 0;
    size_t olen = 0;
    iconv(conv, &in, &ilen, &out, &olen);
    return 0;
  }

Determining if the function fseek64 exists failed with the following output:
Change Dir: /home/iris_linux/Experiment-Design/poppler-21.09.0/build/CMakeFiles/CMakeTmp

Run Build Command(s):/usr/bin/gmake -f Makefile cmTC_ab948/fast && /usr/bin/gmake  -f CMakeFiles/cmTC_ab948.dir/build.make CMakeFiles/cmTC_ab948.dir/build
gmake[1]: Entering directory '/home/iris_linux/Experiment-Design/poppler-21.09.0/build/CMakeFiles/CMakeTmp'
Building C object CMakeFiles/cmTC_ab948.dir/CheckFunctionExists.c.o
/usr/bin/cc   -Wall -std=c99 -D_DEFAULT_SOURCE -DCHECK_FUNCTION_EXISTS=fseek64 -O2 -DNDEBUG  -std=c11 -o CMakeFiles/cmTC_ab948.dir/CheckFunctionExists.c.o -c /usr/share/cmake-3.22/Modules/CheckFunctionExists.c
Linking C executable cmTC_ab948
/usr/bin/cmake -E cmake_link_script CMakeFiles/cmTC_ab948.dir/link.txt --verbose=1
/usr/bin/cc -Wall -std=c99 -D_DEFAULT_SOURCE -DCHECK_FUNCTION_EXISTS=fseek64 -O2 -DNDEBUG   -Wl,--as-needed  CMakeFiles/cmTC_ab948.dir/CheckFunctionExists.c.o -o cmTC_ab948 
/usr/bin/ld: CMakeFiles/cmTC_ab948.dir/CheckFunctionExists.c.o: in function `main':
CheckFunctionExists.c:(.text.startup+0x10): undefined reference to `fseek64'
collect2: error: ld returned 1 exit status
gmake[1]: *** [CMakeFiles/cmTC_ab948.dir/build.make:99: cmTC_ab948] Error 1
gmake[1]: Leaving directory '/home/iris_linux/Experiment-Design/poppler-21.09.0/build/CMakeFiles/CMakeTmp'
gmake: *** [Makefile:127: cmTC_ab948/fast] Error 2



Determining if the function ftell64 exists failed with the following output:
Change Dir: /home/iris_linux/Experiment-Design/poppler-21.09.0/build/CMakeFiles/CMakeTmp

Run Build Command(s):/usr/bin/gmake -f Makefile cmTC_871ba/fast && /usr/bin/gmake  -f CMakeFiles/cmTC_871ba.dir/build.make CMakeFiles/cmTC_871ba.dir/build
gmake[1]: Entering directory '/home/iris_linux/Experiment-Design/poppler-21.09.0/build/CMakeFiles/CMakeTmp'
Building C object CMakeFiles/cmTC_871ba.dir/CheckFunctionExists.c.o
/usr/bin/cc   -Wall -std=c99 -D_DEFAULT_SOURCE -DCHECK_FUNCTION_EXISTS=ftell64 -O2 -DNDEBUG  -std=c11 -o CMakeFiles/cmTC_871ba.dir/CheckFunctionExists.c.o -c /usr/share/cmake-3.22/Modules/CheckFunctionExists.c
Linking C executable cmTC_871ba
/usr/bin/cmake -E cmake_link_script CMakeFiles/cmTC_871ba.dir/link.txt --verbose=1
/usr/bin/cc -Wall -std=c99 -D_DEFAULT_SOURCE -DCHECK_FUNCTION_EXISTS=ftell64 -O2 -DNDEBUG   -Wl,--as-needed  CMakeFiles/cmTC_871ba.dir/CheckFunctionExists.c.o -o cmTC_871ba 
/usr/bin/ld: CMakeFiles/cmTC_871ba.dir/CheckFunctionExists.c.o: in function `main':
CheckFunctionExists.c:(.text.startup+0x10): undefined reference to `ftell64'
collect2: error: ld returned 1 exit status
gmake[1]: *** [CMakeFiles/cmTC_871ba.dir/build.make:99: cmTC_871ba] Error 1
gmake[1]: Leaving directory '/home/iris_linux/Experiment-Design/poppler-21.09.0/build/CMakeFiles/CMakeTmp'
gmake: *** [Makefile:127: cmTC_871ba/fast] Error 2



Performing C SOURCE FILE Test HAVE_NDIR_H failed with the following output:
Change Dir: /home/iris_linux/Experiment-Design/poppler-21.09.0/build/CMakeFiles/CMakeTmp

Run Build Command(s):/usr/bin/gmake -f Makefile cmTC_45906/fast && /usr/bin/gmake  -f CMakeFiles/cmTC_45906.dir/build.make CMakeFiles/cmTC_45906.dir/build
gmake[1]: Entering directory '/home/iris_linux/Experiment-Design/poppler-21.09.0/build/CMakeFiles/CMakeTmp'
Building C object CMakeFiles/cmTC_45906.dir/src.c.o
/usr/bin/cc -DHAVE_NDIR_H  -Wall -std=c99 -D_DEFAULT_SOURCE  -O2 -DNDEBUG  -std=c11 -o CMakeFiles/cmTC_45906.dir/src.c.o -c /home/iris_linux/Experiment-Design/poppler-21.09.0/build/CMakeFiles/CMakeTmp/src.c
/home/iris_linux/Experiment-Design/poppler-21.09.0/build/CMakeFiles/CMakeTmp/src.c:1:10: fatal error: ndir.h: No such file or directory
    1 | #include <ndir.h>
      |          ^~~~~~~~
compilation terminated.
gmake[1]: *** [CMakeFiles/cmTC_45906.dir/build.make:78: CMakeFiles/cmTC_45906.dir/src.c.o] Error 1
gmake[1]: Leaving directory '/home/iris_linux/Experiment-Design/poppler-21.09.0/build/CMakeFiles/CMakeTmp'
gmake: *** [Makefile:127: cmTC_45906/fast] Error 2


Source file was:
#include <ndir.h>

int main(int argc, char *argv[])
{
  DIR* d = 0;
  return 0;
}

Performing C SOURCE FILE Test HAVE_SYS_NDIR_H failed with the following output:
Change Dir: /home/iris_linux/Experiment-Design/poppler-21.09.0/build/CMakeFiles/CMakeTmp

Run Build Command(s):/usr/bin/gmake -f Makefile cmTC_ed90d/fast && /usr/bin/gmake  -f CMakeFiles/cmTC_ed90d.dir/build.make CMakeFiles/cmTC_ed90d.dir/build
gmake[1]: Entering directory '/home/iris_linux/Experiment-Design/poppler-21.09.0/build/CMakeFiles/CMakeTmp'
Building C object CMakeFiles/cmTC_ed90d.dir/src.c.o
/usr/bin/cc -DHAVE_SYS_NDIR_H  -Wall -std=c99 -D_DEFAULT_SOURCE  -O2 -DNDEBUG  -std=c11 -o CMakeFiles/cmTC_ed90d.dir/src.c.o -c /home/iris_linux/Experiment-Design/poppler-21.09.0/build/CMakeFiles/CMakeTmp/src.c
/home/iris_linux/Experiment-Design/poppler-21.09.0/build/CMakeFiles/CMakeTmp/src.c:1:10: fatal error: sys/ndir.h: No such file or directory
    1 | #include <sys/ndir.h>
      |          ^~~~~~~~~~~~
compilation terminated.
gmake[1]: *** [CMakeFiles/cmTC_ed90d.dir/build.make:78: CMakeFiles/cmTC_ed90d.dir/src.c.o] Error 1
gmake[1]: Leaving directory '/home/iris_linux/Experiment-Design/poppler-21.09.0/build/CMakeFiles/CMakeTmp'
gmake: *** [Makefile:127: cmTC_ed90d/fast] Error 2


Source file was:
#include <sys/ndir.h>

int main(int argc, char *argv[])
{
  DIR* d = 0;
  return 0;
}

